<?xml version="1.0" encoding="UTF-8"?>
<!-- Generated by org.testng.reporters.JUnitReportReporter -->
<testsuite hostname="MWDH-Work2" failures="0" tests="1" name="legalzoom.TestNG" time="547.416" errors="0" timestamp="2022-08-12T05:01:43 AST" skipped="0">
  <testcase classname="legalzoom.TestNG" name="LegalZoomWebSite" time="547.416"/>
  <system-out/>
</testsuite> <!-- legalzoom.TestNG -->
